#
# There is insufficient memory for the Java Runtime Environment to continue.
# Native memory allocation (mmap) failed to map 167772160 bytes for G1 virtual space
# Possible reasons:
#   The system is out of physical RAM or swap space
#   The process is running with CompressedOops enabled, and the Java Heap may be blocking the growth of the native heap
# Possible solutions:
#   Reduce memory load on the system
#   Increase physical memory or swap space
#   Check if swap backing store is full
#   Decrease Java heap size (-Xmx/-Xms)
#   Decrease number of Java threads
#   Decrease Java thread stack sizes (-Xss)
#   Set larger code cache with -XX:ReservedCodeCacheSize=
#   JVM is running with Zero Based Compressed Oops mode in which the Java heap is
#     placed in the first 32GB address space. The Java Heap base address is the
#     maximum limit for the native heap growth. Please use -XX:HeapBaseMinAddress
#     to set the Java Heap base and to place the Java Heap above 32GB virtual address.
# This output file may be truncated or incomplete.
#
#  Out of Memory Error (os_windows.cpp:3532), pid=20756, tid=24056
#
# JRE version:  (17.0.2+8) (build )
# Java VM: OpenJDK 64-Bit Server VM (17.0.2+8, mixed mode, sharing, tiered, compressed oops, compressed class ptrs, g1 gc, windows-amd64)
# No core dump will be written. Minidumps are not enabled by default on client versions of Windows
#

---------------  S U M M A R Y ------------

Command Line: -ea -Dfile.encoding=Cp1252 -XX:+ShowCodeDetailsInExceptionMessages org.testng.remote.RemoteTestNG -serport 54843 -protocol json -d C:\Users\krish\eclipse-workspace\Naukri\test-output C:\Users\krish\eclipse-workspace\Naukri\NaukriJobSearch.xml

Host: AMD Ryzen 5 3500U with Radeon Vega Mobile Gfx  , 8 cores, 9G,  Windows 10 , 64 bit Build 19041 (10.0.19041.1889)
Time: Tue Oct 11 19:32:49 2022 India Standard Time elapsed time: 0.057173 seconds (0d 0h 0m 0s)

---------------  T H R E A D  ---------------

Current thread (0x000001dede327e20):  JavaThread "Unknown thread" [_thread_in_vm, id=24056, stack(0x000000c083200000,0x000000c083300000)]

Stack: [0x000000c083200000,0x000000c083300000]
Native frames: (J=compiled Java code, j=interpreted, Vv=VM code, C=native code)
V  [jvm.dll+0x67564a]
V  [jvm.dll+0x82fc04]
V  [jvm.dll+0x8313ae]
V  [jvm.dll+0x831a13]
V  [jvm.dll+0x245235]
V  [jvm.dll+0x672539]
V  [jvm.dll+0x666e82]
V  [jvm.dll+0x30401b]
V  [jvm.dll+0x30b566]
V  [jvm.dll+0x35b1fe]
V  [jvm.dll+0x35b42f]
V  [jvm.dll+0x2daf58]
V  [jvm.dll+0x2dbec4]
V  [jvm.dll+0x801881]
V  [jvm.dll+0x368f81]
V  [jvm.dll+0x7e0cdc]
V  [jvm.dll+0x3eb8bf]
V  [jvm.dll+0x3ed441]
C  [jli.dll+0x5277]
C  [ucrtbase.dll+0x21bb2]
C  [KERNEL32.DLL+0x17034]
C  [ntdll.dll+0x526a1]


---------------  P R O C E S S  ---------------

Threads class SMR info:
_java_thread_list=0x00007ffc12005e98, length=0, elements={
}

Java Threads: ( => current thread )

Other Threads:
  0x000001dede365b00 GCTaskThread "GC Thread#0" [stack: 0x000000c083300000,0x000000c083400000] [id=16956]
  0x000001dede370950 ConcurrentGCThread "G1 Main Marker" [stack: 0x000000c083400000,0x000000c083500000] [id=21580]
  0x000001dede372b80 ConcurrentGCThread "G1 Conc#0" [stack: 0x000000c083500000,0x000000c083600000] [id=19284]

[error occurred during error reporting (printing all threads), id 0xc0000005, EXCEPTION_ACCESS_VIOLATION (0xc0000005) at pc=0x00007ffc117db9d7]

VM state: not at safepoint (not fully initialized)

VM Mutex/Monitor currently owned by a thread:  ([mutex/lock_event])
[0x000001dede324280] Heap_lock - owner thread: 0x000001dede327e20

Heap address: 0x0000000760e00000, size: 2546 MB, Compressed Oops mode: Zero based, Oop shift amount: 3

CDS archive(s) mapped at: [0x0000000000000000-0x0000000000000000-0x0000000000000000), size 0, SharedBaseAddress: 0x0000000800000000, ArchiveRelocationMode: 0.
Narrow klass base: 0x0000000000000000, Narrow klass shift: 0, Narrow klass range: 0x0

GC Precious Log:
<Empty>

Heap:
 garbage-first heap   total 0K, used 0K [0x0000000760e00000, 0x0000000800000000)
  region size 2048K, 0 young (0K), 0 survivors (0K)

[error occurred during error reporting (printing heap information), id 0xc0000005, EXCEPTION_ACCESS_VIOLATION (0xc0000005) at pc=0x00007ffc11bbe899]

GC Heap History (0 events):
No events

Deoptimization events (0 events):
No events

Classes unloaded (0 events):
No events

Classes redefined (0 events):
No events

Internal exceptions (0 events):
No events

VM Operations (0 events):
No events

Events (1 events):
Event: 0.038 Loaded shared library C:\Users\krish\Downloads\Programs\eclipse\plugins\org.eclipse.justj.openjdk.hotspot.jre.full.win32.x86_64_17.0.2.v20220201-1208\jre\bin\java.dll


Dynamic libraries:
0x00007ff6560f0000 - 0x00007ff6560fe000 	C:\Users\krish\Downloads\Programs\eclipse\plugins\org.eclipse.justj.openjdk.hotspot.jre.full.win32.x86_64_17.0.2.v20220201-1208\jre\bin\javaw.exe
0x00007ffc91970000 - 0x00007ffc91b68000 	C:\WINDOWS\SYSTEM32\ntdll.dll
0x00007ffc90e10000 - 0x00007ffc90ecd000 	C:\WINDOWS\System32\KERNEL32.DLL
0x00007ffc8f230000 - 0x00007ffc8f503000 	C:\WINDOWS\System32\KERNELBASE.dll
0x00007ffc8f830000 - 0x00007ffc8f930000 	C:\WINDOWS\System32\ucrtbase.dll
0x00007ffc8a7a0000 - 0x00007ffc8a7b9000 	C:\Users\krish\Downloads\Programs\eclipse\plugins\org.eclipse.justj.openjdk.hotspot.jre.full.win32.x86_64_17.0.2.v20220201-1208\jre\bin\VCRUNTIME140.dll
0x00007ffc8a780000 - 0x00007ffc8a798000 	C:\Users\krish\Downloads\Programs\eclipse\plugins\org.eclipse.justj.openjdk.hotspot.jre.full.win32.x86_64_17.0.2.v20220201-1208\jre\bin\jli.dll
0x00007ffc8fa30000 - 0x00007ffc8fbce000 	C:\WINDOWS\System32\USER32.dll
0x00007ffc7df20000 - 0x00007ffc7e1ba000 	C:\WINDOWS\WinSxS\amd64_microsoft.windows.common-controls_6595b64144ccf1df_6.0.19041.1110_none_60b5254171f9507e\COMCTL32.dll
0x00007ffc8f200000 - 0x00007ffc8f222000 	C:\WINDOWS\System32\win32u.dll
0x00007ffc90040000 - 0x00007ffc900de000 	C:\WINDOWS\System32\msvcrt.dll
0x00007ffc910d0000 - 0x00007ffc910fc000 	C:\WINDOWS\System32\GDI32.dll
0x00007ffc8f710000 - 0x00007ffc8f824000 	C:\WINDOWS\System32\gdi32full.dll
0x00007ffc8f670000 - 0x00007ffc8f70d000 	C:\WINDOWS\System32\msvcp_win.dll
0x00007ffc90470000 - 0x00007ffc904a0000 	C:\WINDOWS\System32\IMM32.DLL
0x00007ffc8a7f0000 - 0x00007ffc8a7fc000 	C:\Users\krish\Downloads\Programs\eclipse\plugins\org.eclipse.justj.openjdk.hotspot.jre.full.win32.x86_64_17.0.2.v20220201-1208\jre\bin\vcruntime140_1.dll
0x00007ffc5f6e0000 - 0x00007ffc5f771000 	C:\Users\krish\Downloads\Programs\eclipse\plugins\org.eclipse.justj.openjdk.hotspot.jre.full.win32.x86_64_17.0.2.v20220201-1208\jre\bin\msvcp140.dll
0x00007ffc114f0000 - 0x00007ffc12137000 	C:\Users\krish\Downloads\Programs\eclipse\plugins\org.eclipse.justj.openjdk.hotspot.jre.full.win32.x86_64_17.0.2.v20220201-1208\jre\bin\server\jvm.dll
0x00007ffc916b0000 - 0x00007ffc9175e000 	C:\WINDOWS\System32\ADVAPI32.dll
0x00007ffc912b0000 - 0x00007ffc9134c000 	C:\WINDOWS\System32\sechost.dll
0x00007ffc91400000 - 0x00007ffc91525000 	C:\WINDOWS\System32\RPCRT4.dll
0x00007ffc90100000 - 0x00007ffc90108000 	C:\WINDOWS\System32\PSAPI.DLL
0x00007ffc88830000 - 0x00007ffc88839000 	C:\WINDOWS\SYSTEM32\WSOCK32.dll
0x00007ffc87c00000 - 0x00007ffc87c0a000 	C:\WINDOWS\SYSTEM32\VERSION.dll
0x00007ffc918c0000 - 0x00007ffc9192b000 	C:\WINDOWS\System32\WS2_32.dll
0x00007ffc85b40000 - 0x00007ffc85b67000 	C:\WINDOWS\SYSTEM32\WINMM.dll
0x00007ffc8d8c0000 - 0x00007ffc8d8d2000 	C:\WINDOWS\SYSTEM32\kernel.appcore.dll
0x00007ffc7e750000 - 0x00007ffc7e75a000 	C:\Users\krish\Downloads\Programs\eclipse\plugins\org.eclipse.justj.openjdk.hotspot.jre.full.win32.x86_64_17.0.2.v20220201-1208\jre\bin\jimage.dll
0x00007ffc8cf00000 - 0x00007ffc8d0e4000 	C:\WINDOWS\SYSTEM32\DBGHELP.DLL
0x00007ffc7fca0000 - 0x00007ffc7fccc000 	C:\WINDOWS\SYSTEM32\dbgcore.DLL
0x00007ffc8f0c0000 - 0x00007ffc8f142000 	C:\WINDOWS\System32\bcryptPrimitives.dll
0x00007ffc68150000 - 0x00007ffc68175000 	C:\Users\krish\Downloads\Programs\eclipse\plugins\org.eclipse.justj.openjdk.hotspot.jre.full.win32.x86_64_17.0.2.v20220201-1208\jre\bin\java.dll

dbghelp: loaded successfully - version: 4.0.5 - missing functions: none
symbol engine: initialized successfully - sym options: 0x614 - pdb path: .;C:\Users\krish\Downloads\Programs\eclipse\plugins\org.eclipse.justj.openjdk.hotspot.jre.full.win32.x86_64_17.0.2.v20220201-1208\jre\bin;C:\WINDOWS\SYSTEM32;C:\WINDOWS\WinSxS\amd64_microsoft.windows.common-controls_6595b64144ccf1df_6.0.19041.1110_none_60b5254171f9507e;C:\Users\krish\Downloads\Programs\eclipse\plugins\org.eclipse.justj.openjdk.hotspot.jre.full.win32.x86_64_17.0.2.v20220201-1208\jre\bin\server

VM Arguments:
jvm_args: -ea -Dfile.encoding=Cp1252 -XX:+ShowCodeDetailsInExceptionMessages 
java_command: org.testng.remote.RemoteTestNG -serport 54843 -protocol json -d C:\Users\krish\eclipse-workspace\Naukri\test-output C:\Users\krish\eclipse-workspace\Naukri\NaukriJobSearch.xml
java_class_path (initial): C:\Users\krish\Downloads\Programs\eclipse\configuration\org.eclipse.osgi\954\0\.cp\lib\testng-remote.jar;C:\Users\krish\eclipse-workspace\Naukri\bin;D:\WorkSpace\Selenium\Jars\async-http-client-2.12.3.jar;D:\WorkSpace\Selenium\Jars\async-http-client-netty-utils-2.12.3.jar;D:\WorkSpace\Selenium\Jars\auto-common-1.2.1.jar;D:\WorkSpace\Selenium\Jars\auto-service-1.0.1.jar;D:\WorkSpace\Selenium\Jars\auto-service-annotations-1.0.1.jar;D:\WorkSpace\Selenium\Jars\byte-buddy-1.12.10.jar;D:\WorkSpace\Selenium\Jars\checker-qual-3.12.0.jar;D:\WorkSpace\Selenium\Jars\commons-exec-1.3.jar;D:\WorkSpace\Selenium\Jars\error_prone_annotations-2.11.0.jar;D:\WorkSpace\Selenium\Jars\failsafe-3.2.4.jar;D:\WorkSpace\Selenium\Jars\failureaccess-1.0.1.jar;D:\WorkSpace\Selenium\Jars\guava-31.1-jre.jar;D:\WorkSpace\Selenium\Jars\j2objc-annotations-1.3.jar;D:\WorkSpace\Selenium\Jars\jakarta.activation-1.2.2.jar;D:\WorkSpace\Selenium\Jars\jcommander-1.82.jar;D:\WorkSpace\Selenium\Jars\jsr305-3.0.2.jar;D:\WorkSpace\Selenium\Jars\jtoml-2.0.0.jar;D:\WorkSpace\Selenium\Jars\listenablefuture-9999.0-empty-to-avoid-conflict-with-guava.jar;D:\WorkSpace\Selenium\Jars\netty-buffer-4.1.78.Final.jar;D:\WorkSpace\Selenium\Jars\netty-codec-4.1.78.Final.jar;D:\WorkSpace\Selenium\Jars\netty-codec-http-4.1.78.Final.jar;D:\WorkSpace\Selenium\Jars\netty-codec-socks-4.1.78.Final.jar;D:\WorkSpace\Selenium\Jars\netty-common-4.1.78.Final.jar;D:\WorkSpace\Selenium\Jars\netty-handler-4.1.78.Final.jar;D:\WorkSpace\Selenium\Jars\netty-handler-proxy-4.1.78.Final.jar;D:\WorkSpace\Selenium\Jars\netty-reactive-streams-2.0.4.jar;D:\WorkSpace\Selenium\Jars\netty-resolver-4.1.78.Final.jar;D:\WorkSpace\Selenium\Jars\netty-transport-4.1.78.Final.jar;D:\WorkSpace\Selenium\Jars\netty-transport-classes-epoll-4.1.78.Final.jar;D:\WorkSpace\Selenium\Jars\netty-transport-classes-kqueue-4.1.78.Final.jar;D:\WorkSpace\Selenium\Jars\netty-transport-native-epoll-4.1.78.Final.jar;D:\WorkSpace\Selenium\Jars\netty-
Launcher Type: SUN_STANDARD

[Global flags]
     intx CICompilerCount                          = 4                                         {product} {ergonomic}
     uint ConcGCThreads                            = 2                                         {product} {ergonomic}
     uint G1ConcRefinementThreads                  = 8                                         {product} {ergonomic}
   size_t G1HeapRegionSize                         = 2097152                                   {product} {ergonomic}
    uintx GCDrainStackTargetSize                   = 64                                        {product} {ergonomic}
   size_t InitialHeapSize                          = 167772160                                 {product} {ergonomic}
   size_t MarkStackSize                            = 4194304                                   {product} {ergonomic}
   size_t MaxHeapSize                              = 2669674496                                {product} {ergonomic}
   size_t MinHeapDeltaBytes                        = 2097152                                   {product} {ergonomic}
   size_t MinHeapSize                              = 8388608                                   {product} {ergonomic}
    uintx NonNMethodCodeHeapSize                   = 5839372                                {pd product} {ergonomic}
    uintx NonProfiledCodeHeapSize                  = 122909434                              {pd product} {ergonomic}
    uintx ProfiledCodeHeapSize                     = 122909434                              {pd product} {ergonomic}
    uintx ReservedCodeCacheSize                    = 251658240                              {pd product} {ergonomic}
     bool SegmentedCodeCache                       = true                                      {product} {ergonomic}
     bool ShowCodeDetailsInExceptionMessages       = true                                   {manageable} {command line}
   size_t SoftMaxHeapSize                          = 2669674496                             {manageable} {ergonomic}
     bool UseCompressedClassPointers               = true                           {product lp64_product} {ergonomic}
     bool UseCompressedOops                        = true                           {product lp64_product} {ergonomic}
     bool UseG1GC                                  = true                                      {product} {ergonomic}
     bool UseLargePagesIndividualAllocation        = false                                  {pd product} {ergonomic}

Logging:
Log output configuration:
 #0: stdout all=warning uptime,level,tags
 #1: stderr all=off uptime,level,tags

Environment Variables:
JAVA_HOME=C:\Program Files\Java\jdk-11.0.10
PATH=C:/Users/krish/Downloads/Programs/eclipse//plugins/org.eclipse.justj.openjdk.hotspot.jre.full.win32.x86_64_17.0.2.v20220201-1208/jre/bin/server;C:/Users/krish/Downloads/Programs/eclipse//plugins/org.eclipse.justj.openjdk.hotspot.jre.full.win32.x86_64_17.0.2.v20220201-1208/jre/bin;C:\Program Files\Java\jdk-11.0.10\bin;C:\Program Files\Common Files\Oracle\Java\javapath;C:\WINDOWS\system32;C:\WINDOWS;C:\WINDOWS\System32\Wbem;C:\WINDOWS\System32\WindowsPowerShell\v1.0\;C:\WINDOWS\System32\OpenSSH\;C:\Program Files\dotnet\;C:\Program Files (x86)\dotnet\;C:\Users\krish\AppData\Local\Microsoft\WindowsApps;;C:\Users\krish\Downloads\Programs\eclipse;
USERNAME=krish
OS=Windows_NT
PROCESSOR_IDENTIFIER=AMD64 Family 23 Model 24 Stepping 1, AuthenticAMD



---------------  S Y S T E M  ---------------

OS:
 Windows 10 , 64 bit Build 19041 (10.0.19041.1889)
OS uptime: 2 days 21:48 hours

CPU: total 8 (initial active 8) (8 cores per cpu, 2 threads per core) family 23 model 24 stepping 1 microcode 0x0, cx8, cmov, fxsr, ht, mmx, 3dnowpref, sse, sse2, sse3, ssse3, sse4a, sse4.1, sse4.2, popcnt, lzcnt, tsc, tscinvbit, avx, avx2, aes, clmul, bmi1, bmi2, adx, sha, fma, vzeroupper, clflush, clflushopt

Memory: 4k page, system-wide physical 10178M (231M free)
TotalPageFile size 40543M (AvailPageFile size 69M)
current process WorkingSet (physical memory assigned to process): 10M, peak: 10M
current process commit charge ("private bytes"): 59M, peak: 219M

vm_info: OpenJDK 64-Bit Server VM (17.0.2+8) for windows-amd64 JRE (17.0.2+8), built on Jan 20 2022 04:52:34 by "" with MS VC++ 16.7 (VS2019)

END.
